<?xml version="1.0" encoding="utf-8"?><testsuites name="pytest tests"><testsuite name="pytest" errors="0" failures="0" skipped="0" tests="77" time="109.395" timestamp="2026-06-30T11:10:30.699265+05:30" hostname="LAPTOP-J8C9G8ET"><testcase classname="tests.test_auth_forgot_password" name="test_existing_user_gets_reset" time="9.635" /><testcase classname="tests.test_auth_forgot_password" name="test_nonexistent_email_no_audit" time="0.200" /><testcase classname="tests.test_auth_forgot_password" name="test_inactive_user_no_token" time="0.529" /><testcase classname="tests.test_auth_forgot_password" name="test_response_identical_existing_vs_not" time="1.528" /><testcase classname="tests.test_auth_forgot_password" name="test_malformed_email" time="0.212" /><testcase classname="tests.test_auth_forgot_password" name="test_mixed_case_local_part_still_sends" time="1.397" /><testcase classname="tests.test_auth_login" name="test_login_trader_returns_tokenpair" time="1.874" /><testcase classname="tests.test_auth_login" name="test_login_subscriber" time="1.071" /><testcase classname="tests.test_auth_login" name="test_login_admin" time="0.978" /><testcase classname="tests.test_auth_login" name="test_login_email_case_insensitive" time="0.861" /><testcase classname="tests.test_auth_login" name="test_login_email_trimmed" time="1.602" /><testcase classname="tests.test_auth_login" name="test_unverified_user_can_login" time="1.059" /><testcase classname="tests.test_auth_login" name="test_inactive_user_blocked" time="0.995" /><testcase classname="tests.test_auth_login" name="test_wrong_password" time="1.176" /><testcase classname="tests.test_auth_login" name="test_unknown_email_same_401" time="0.183" /><testcase classname="tests.test_auth_login" name="test_missing_password" time="0.218" /><testcase classname="tests.test_auth_login" name="test_malformed_email" time="0.142" /><testcase classname="tests.test_auth_login" name="test_empty_body" time="0.148" /><testcase classname="tests.test_auth_login" name="test_email_lockout_after_8_failures" time="3.235" /><testcase classname="tests.test_auth_login" name="test_success_resets_failure_counter" time="7.147" /><testcase classname="tests.test_auth_login" name="test_ip_throttle_over_40" time="2.105" /><testcase classname="tests.test_auth_refresh_me" name="test_refresh_returns_new_pair" time="0.598" /><testcase classname="tests.test_auth_refresh_me" name="test_refresh_rejects_access_token" time="0.685" /><testcase classname="tests.test_auth_refresh_me" name="test_refresh_garbage" time="0.149" /><testcase classname="tests.test_auth_refresh_me" name="test_refresh_inactive_user" time="0.482" /><testcase classname="tests.test_auth_refresh_me" name="test_me_no_token" time="0.204" /><testcase classname="tests.test_auth_refresh_me" name="test_me_returns_self" time="0.698" /><testcase classname="tests.test_auth_refresh_me" name="test_me_rejects_refresh_token" time="0.711" /><testcase classname="tests.test_auth_register" name="test_register_subscriber_happy" time="1.601" /><testcase classname="tests.test_auth_register" name="test_register_trader_with_business_name" time="1.374" /><testcase classname="tests.test_auth_register" name="test_multi_trader_allowed" time="2.776" /><testcase classname="tests.test_auth_register" name="test_register_display_name_optional" time="1.460" /><testcase classname="tests.test_auth_register" name="test_trader_requires_business_name" time="0.187" /><testcase classname="tests.test_auth_register" name="test_subscriber_business_name_forced_null" time="1.171" /><testcase classname="tests.test_auth_register" name="test_duplicate_email_conflict" time="1.868" /><testcase classname="tests.test_auth_register" name="test_duplicate_email_case_insensitive" time="1.556" /><testcase classname="tests.test_auth_register" name="test_cannot_self_register_admin" time="0.375" /><testcase classname="tests.test_auth_register" name="test_unknown_role_rejected" time="0.371" /><testcase classname="tests.test_auth_register" name="test_register_ignores_mass_assignment" time="1.876" /><testcase classname="tests.test_auth_register" name="test_password_min_ok" time="1.518" /><testcase classname="tests.test_auth_register" name="test_password_too_short" time="0.186" /><testcase classname="tests.test_auth_register" name="test_password_needs_three_classes" time="0.180" /><testcase classname="tests.test_auth_register" name="test_password_over_72_bytes" time="0.210" /><testcase classname="tests.test_auth_register" name="test_business_name_max_length" time="0.156" /><testcase classname="tests.test_auth_register" name="test_malformed_email_rejected" time="0.148" /><testcase classname="tests.test_auth_register" name="test_email_stored_normalized" time="1.268" /><testcase classname="tests.test_auth_register" name="test_register_ip_throttle" time="25.844" /><testcase classname="tests.test_auth_register" name="test_password_hashed_not_plaintext" time="1.806" /><testcase classname="tests.test_auth_reset_password" name="test_valid_reset_changes_password" time="3.201" /><testcase classname="tests.test_auth_reset_password" name="test_token_single_use" time="1.312" /><testcase classname="tests.test_auth_reset_password" name="test_tampered_token" time="0.180" /><testcase classname="tests.test_auth_reset_password" name="test_wrong_token_type_rejected" time="0.565" /><testcase classname="tests.test_auth_reset_password" name="test_expired_token_rejected" time="0.555" /><testcase classname="tests.test_auth_reset_password" name="test_missing_token_field" time="0.158" /><testcase classname="tests.test_auth_reset_password" name="test_new_password_too_short" time="0.580" /><testcase classname="tests.test_auth_reset_password" name="test_reset_enforces_complexity" time="0.608" /><testcase classname="tests.test_auth_reset_password" name="test_reset_caps_at_72_bytes" time="0.861" /><testcase classname="tests.test_auth_security" name="test_forged_token_wrong_secret_rejected" time="0.587" /><testcase classname="tests.test_auth_security" name="test_alg_none_rejected" time="0.541" /><testcase classname="tests.test_auth_security" name="test_expired_access_rejected" time="0.652" /><testcase classname="tests.test_auth_security" name="test_sqli_login_no_bypass" time="1.070" /><testcase classname="tests.test_auth_security" name="test_cors_allowed_origin_echoed" time="1.145" /><testcase classname="tests.test_auth_security" name="test_cors_unknown_origin_not_allowed" time="1.028" /><testcase classname="tests.test_auth_security" name="test_error_body_is_generic_json" time="0.277" /><testcase classname="tests.test_auth_verify_email" name="test_valid_token_verifies" time="1.061" /><testcase classname="tests.test_auth_verify_email" name="test_verify_idempotent" time="0.665" /><testcase classname="tests.test_auth_verify_email" name="test_tampered_token" time="0.172" /><testcase classname="tests.test_auth_verify_email" name="test_wrong_token_type" time="1.120" /><testcase classname="tests.test_auth_verify_email" name="test_expired_token" time="1.073" /><testcase classname="tests.test_auth_verify_email" name="test_eml_mismatch_after_email_change" time="0.865" /><testcase classname="tests.test_auth_verify_email" name="test_resend_unverified" time="1.652" /><testcase classname="tests.test_auth_verify_email" name="test_resend_already_verified_no_send" time="0.890" /><testcase classname="tests.test_auth_verify_email" name="test_resend_nonexistent_no_leak" time="0.255" /><testcase classname="tests.test_harness" name="test_health_ok" time="0.294" /><testcase classname="tests.test_harness" name="test_db_roundtrip_and_isolation" time="0.542" /><testcase classname="tests.test_harness" name="test_isolation_truncated_between_tests" time="0.216" /><testcase classname="tests.test_harness" name="test_login_via_api" time="1.347" /></testsuite></testsuites>